0 info it worked if it ends with ok
1 verbose cli [ '/Users/claudia/.nvm/versions/node/v6.5.0/bin/node',
1 verbose cli   '/Users/claudia/.nvm/versions/node/v6.5.0/bin/npm',
1 verbose cli   'start' ]
2 info using npm@3.10.3
3 info using node@v6.5.0
4 verbose run-script [ 'prestart', 'start', 'poststart' ]
5 info lifecycle mim-gutenberg-blocks-cgb-guten-block@1.0.0~prestart: mim-gutenberg-blocks-cgb-guten-block@1.0.0
6 silly lifecycle mim-gutenberg-blocks-cgb-guten-block@1.0.0~prestart: no script for prestart, continuing
7 info lifecycle mim-gutenberg-blocks-cgb-guten-block@1.0.0~start: mim-gutenberg-blocks-cgb-guten-block@1.0.0
8 verbose lifecycle mim-gutenberg-blocks-cgb-guten-block@1.0.0~start: unsafe-perm in lifecycle true
9 verbose lifecycle mim-gutenberg-blocks-cgb-guten-block@1.0.0~start: PATH: /Users/claudia/.nvm/versions/node/v6.5.0/lib/node_modules/npm/bin/node-gyp-bin:/Applications/MAMP/htdocs/michelle/wp-content/plugins/mim-gutenberg-block/node_modules/.bin:/Users/claudia/.nvm/versions/node/v6.5.0/bin:/Users/claudia/.nvm/versions/node/v6.5.0/bin:/Library/Frameworks/Python.framework/Versions/3.6/bin:/usr/local/bin:/usr/bin:/bin:/usr/sbin:/sbin:/Users/claudia/.nvm/versions/node/v6.5.0/bin:/Library/Frameworks/Python.framework/Versions/3.6/bin
10 verbose lifecycle mim-gutenberg-blocks-cgb-guten-block@1.0.0~start: CWD: /Applications/MAMP/htdocs/michelle/wp-content/plugins/mim-gutenberg-block
11 silly lifecycle mim-gutenberg-blocks-cgb-guten-block@1.0.0~start: Args: [ '-c', 'cgb-scripts start' ]
12 silly lifecycle mim-gutenberg-blocks-cgb-guten-block@1.0.0~start: Returned: code: 1  signal: null
13 info lifecycle mim-gutenberg-blocks-cgb-guten-block@1.0.0~start: Failed to exec start script
14 verbose stack Error: mim-gutenberg-blocks-cgb-guten-block@1.0.0 start: `cgb-scripts start`
14 verbose stack Exit status 1
14 verbose stack     at EventEmitter.<anonymous> (/Users/claudia/.nvm/versions/node/v6.5.0/lib/node_modules/npm/lib/utils/lifecycle.js:242:16)
14 verbose stack     at emitTwo (events.js:106:13)
14 verbose stack     at EventEmitter.emit (events.js:191:7)
14 verbose stack     at ChildProcess.<anonymous> (/Users/claudia/.nvm/versions/node/v6.5.0/lib/node_modules/npm/lib/utils/spawn.js:40:14)
14 verbose stack     at emitTwo (events.js:106:13)
14 verbose stack     at ChildProcess.emit (events.js:191:7)
14 verbose stack     at maybeClose (internal/child_process.js:877:16)
14 verbose stack     at Process.ChildProcess._handle.onexit (internal/child_process.js:226:5)
15 verbose pkgid mim-gutenberg-blocks-cgb-guten-block@1.0.0
16 verbose cwd /Applications/MAMP/htdocs/michelle/wp-content/plugins/mim-gutenberg-block
17 error Darwin 19.2.0
18 error argv "/Users/claudia/.nvm/versions/node/v6.5.0/bin/node" "/Users/claudia/.nvm/versions/node/v6.5.0/bin/npm" "start"
19 error node v6.5.0
20 error npm  v3.10.3
21 error code ELIFECYCLE
22 error mim-gutenberg-blocks-cgb-guten-block@1.0.0 start: `cgb-scripts start`
22 error Exit status 1
23 error Failed at the mim-gutenberg-blocks-cgb-guten-block@1.0.0 start script 'cgb-scripts start'.
23 error Make sure you have the latest version of node.js and npm installed.
23 error If you do, this is most likely a problem with the mim-gutenberg-blocks-cgb-guten-block package,
23 error not with npm itself.
23 error Tell the author that this fails on your system:
23 error     cgb-scripts start
23 error You can get information on how to open an issue for this project with:
23 error     npm bugs mim-gutenberg-blocks-cgb-guten-block
23 error Or if that isn't available, you can get their info via:
23 error     npm owner ls mim-gutenberg-blocks-cgb-guten-block
23 error There is likely additional logging output above.
24 verbose exit [ 1, true ]
